<?xml version="1.0" encoding="UTF-8"?>
<testsuite xmlns:xsi="http://www.w3.org/2001/XMLSchema-instance" xsi:noNamespaceSchemaLocation="https://maven.apache.org/surefire/maven-surefire-plugin/xsd/surefire-test-report-3.0.xsd" version="3.0" name="com.jdc.test.BeanNameTest" time="0.349" tests="1" errors="0" skipped="0" failures="0">
  <properties>
[...]
</properties>
  <testcase name="test" classname="com.jdc.test.BeanNameTest" time="0.331">
    <system-out><![CDATA[Hello ...
Wed Jan 03 12:49:23 MMT 2024
]]></system-out>
  </testcase>
</testsuite>