<?xml version="1.0" encoding="UTF-8"?>
<testsuite xmlns:xsi="http://www.w3.org/2001/XMLSchema-instance" xsi:noNamespaceSchemaLocation="https://maven.apache.org/surefire/maven-surefire-plugin/xsd/surefire-test-report-3.0.xsd" version="3.0" name="com.jdc.test.CourseFeesTest" time="3.157" tests="5" errors="0" skipped="0" failures="0">
  <properties>
[...]
</properties>
  <testcase name="test_many_to_one" classname="com.jdc.test.CourseFeesTest" time="0.135">
    <system-out><![CDATA[Hibernate: 
    alter table course_fees 
       drop 
       foreign key FKmjp0fotovoe5xgg58y31vfo8v
Hibernate: 
    alter table register 
       drop 
       foreign key FK6t6p09vq6vhriqdnbmnmx8h3r
Hibernate: 
    alter table register 
       drop 
       foreign key FKkhm5ddxqi4gg1igncluu7x9xr
Hibernate: 
    alter table register 
       drop 
       foreign key FKfrcjj9h7yxane57ol6i1mfa46
Hibernate: 
    drop table if exists class_room
Hibernate: 
    drop table if exists course
Hibernate: 
    drop table if exists course_fees
Hibernate: 
    drop table if exists register
Hibernate: 
    drop table if exists student
Hibernate: 
    create table class_room (
        active tinyint(1) default 1,
        create_date date,
        id integer not null auto_increment,
        name varchar(255) not null,
        primary key (id)
    ) engine=InnoDB
Hibernate: 
    create table course (
        active tinyint(1) default 1,
        id integer not null auto_increment,
        name varchar(255) not null,
        primary key (id)
    ) engine=InnoDB
Hibernate: 
    create table course_fees (
        course_id integer,
        fees integer not null,
        id integer not null auto_increment,
        primary key (id)
    ) engine=InnoDB
Hibernate: 
    create table register (
        classroom_id integer not null,
        course_id integer not null,
        student_id integer not null,
        primary key (classroom_id, course_id, student_id)
    ) engine=InnoDB
Hibernate: 
    create table student (
        active tinyint(1) default 1,
        gender tinyint check (gender between 0 and 2),
        id integer not null auto_increment,
        contact varchar(255),
        email varchar(30) check (email != null && email like '%@%'),
        name varchar(255) not null,
        primary key (id)
    ) engine=InnoDB
Hibernate: 
    alter table course_fees 
       add constraint FKmjp0fotovoe5xgg58y31vfo8v 
       foreign key (course_id) 
       references course (id)
Hibernate: 
    alter table register 
       add constraint FK6t6p09vq6vhriqdnbmnmx8h3r 
       foreign key (classroom_id) 
       references class_room (id)
Hibernate: 
    alter table register 
       add constraint FKkhm5ddxqi4gg1igncluu7x9xr 
       foreign key (course_id) 
       references course (id)
Hibernate: 
    alter table register 
       add constraint FKfrcjj9h7yxane57ol6i1mfa46 
       foreign key (student_id) 
       references student (id)
Hibernate: INSERT INTO class_room (name,create_date) VALUES ('wd-batch-04','2023-04-01')
Hibernate: INSERT INTO class_room (name,create_date) VALUES ('we-batch-01','2023-03-01')
Hibernate: INSERT INTO class_room (name,create_date) VALUES ('wd-batch-03','2023-01-01')
Hibernate: INSERT INTO course (name) VALUES ('Java')
Hibernate: INSERT INTO course (name) VALUES ('Angular')
Hibernate: INSERT INTO course (name) VALUES ('Spring')
Hibernate: INSERT INTO course (name) VALUES ('Flutter')
Hibernate: INSERT INTO course (name) VALUES ('JavaScript')
Hibernate: INSERT INTO course_fees (fees,course_id) VALUES (300000,1)
Hibernate: INSERT INTO course_fees (fees,course_id) VALUES (150000,2)
Hibernate: INSERT INTO course_fees (fees,course_id) VALUES (300000,3)
Hibernate: INSERT INTO course_fees (fees,course_id) VALUES (200000,4)
Hibernate: INSERT INTO course_fees (fees,course_id) VALUES (150000,5)
Hibernate: INSERT INTO student(name,gender,email,contact) VALUES ('John',1,'john@gmail.com','09-92342342')
Hibernate: INSERT INTO student(name,gender,email,contact) VALUES ('William',1,'william@gmail.com','09-43142342')
Hibernate: INSERT INTO student(name,gender,email,contact) VALUES ('Arnel musa',1,'arnel@gmail.com','09-9923423')
Hibernate: INSERT INTO student(name,gender,email,contact) VALUES ('Upul sampah',1,'upul@gmail.com','09-23334234')
Hibernate: INSERT INTO student(name,gender,email,contact) VALUES ('Arsha',2,'arsha@gmail.com','09-232342323')
Hibernate: INSERT INTO student(name,gender,email,contact) VALUES ('Susan',2,'susan@gmail.com','09-992323423')
Hibernate: INSERT INTO student(name,gender,email,contact) VALUES ('Andrew',1,'andrew@gmail.com','09-35234232')
Hibernate: INSERT INTO student(name,gender,email,contact) VALUES ('narnar',1,'narnar@gmail.com','09-23423223')
Hibernate: INSERT INTO student(name,gender,email,contact) VALUES ('Sandi',2,'sandi@gmail.com','09-63434534')
Hibernate: INSERT INTO register VALUES (1,1,1)
Hibernate: INSERT INTO register VALUES (1,2,1)
Hibernate: INSERT INTO register VALUES (1,3,2)
Hibernate: INSERT INTO register VALUES (1,4,3)
Hibernate: INSERT INTO register VALUES (2,1,2)
Hibernate: INSERT INTO register VALUES (2,2,3)
Hibernate: INSERT INTO register VALUES (2,3,1)
Hibernate: INSERT INTO register VALUES (2,4,1)
Hibernate: INSERT INTO register VALUES (3,1,3)
Hibernate: INSERT INTO register VALUES (3,2,2)
Hibernate: INSERT INTO register VALUES (3,3,3)
Hibernate: INSERT INTO register VALUES (3,4,2)
Hibernate: 
    select
        cf1_0.id,
        c1_0.id,
        c1_0.active,
        c1_0.name,
        cf1_0.fees 
    from
        course_fees cf1_0 
    left join
        course c1_0 
            on c1_0.id=cf1_0.course_id 
    where
        cf1_0.id=?
Java
]]></system-out>
    <system-err><![CDATA[Jan 03, 2024 12:50:14 PM org.hibernate.jpa.internal.util.LogHelper logPersistenceUnitInformation
INFO: HHH000204: Processing PersistenceUnitInfo [name: select-and-relations]
Jan 03, 2024 12:50:14 PM org.hibernate.Version logVersion
INFO: HHH000412: Hibernate ORM core version 6.3.1.Final
Jan 03, 2024 12:50:14 PM org.hibernate.jpa.boot.internal.EntityManagerFactoryBuilderImpl lambda$normalizeConnectionAccessUserAndPass$6
WARN: HHH90000021: Encountered deprecated setting [javax.persistence.jdbc.user], use [jakarta.persistence.jdbc.user] instead
Jan 03, 2024 12:50:14 PM org.hibernate.jpa.boot.internal.EntityManagerFactoryBuilderImpl lambda$normalizeConnectionAccessUserAndPass$12
WARN: HHH90000021: Encountered deprecated setting [javax.persistence.jdbc.password], use [jakarta.persistence.jdbc.password] instead
Jan 03, 2024 12:50:14 PM org.hibernate.jpa.boot.internal.EntityManagerFactoryBuilderImpl normalizeDataAccess
WARN: HHH90000021: Encountered deprecated setting [javax.persistence.jdbc.url], use [jakarta.persistence.jdbc.url] instead
Jan 03, 2024 12:50:14 PM org.hibernate.jpa.boot.internal.EntityManagerFactoryBuilderImpl normalizeDataAccess
WARN: HHH90000021: Encountered deprecated setting [javax.persistence.jdbc.driver], use [jakarta.persistence.jdbc.driver] instead
Jan 03, 2024 12:50:14 PM org.hibernate.cache.internal.RegionFactoryInitiator initiateService
INFO: HHH000026: Second-level cache disabled
Jan 03, 2024 12:50:14 PM org.hibernate.engine.jdbc.connections.internal.DriverManagerConnectionProviderImpl configure
WARN: HHH10001002: Using built-in connection pool (not intended for production use)
Jan 03, 2024 12:50:14 PM org.hibernate.engine.jdbc.connections.internal.DriverManagerConnectionProviderImpl buildCreator
INFO: HHH10001005: Loaded JDBC driver class: com.mysql.cj.jdbc.Driver
Jan 03, 2024 12:50:14 PM org.hibernate.engine.jdbc.connections.internal.DriverManagerConnectionProviderImpl buildCreator
INFO: HHH10001012: Connecting with JDBC URL [jdbc:mysql://localhost:3306/studentdb]
Jan 03, 2024 12:50:14 PM org.hibernate.engine.jdbc.connections.internal.DriverManagerConnectionProviderImpl buildCreator
INFO: HHH10001001: Connection properties: {password=****, user=root}
Jan 03, 2024 12:50:14 PM org.hibernate.engine.jdbc.connections.internal.DriverManagerConnectionProviderImpl buildCreator
INFO: HHH10001003: Autocommit mode: false
Jan 03, 2024 12:50:14 PM org.hibernate.engine.jdbc.connections.internal.DriverManagerConnectionProviderImpl$PooledConnections <init>
INFO: HHH10001115: Connection pool size: 20 (min=1)
Jan 03, 2024 12:50:15 PM org.hibernate.tool.schema.spi.SchemaManagementToolCoordinator$ActionGrouping determineJpaDbActionSetting
WARN: HHH90000021: Encountered deprecated setting [javax.persistence.schema-generation.database.action], use [jakarta.persistence.schema-generation.database.action] instead
Jan 03, 2024 12:50:15 PM org.hibernate.engine.transaction.jta.platform.internal.JtaPlatformInitiator initiateService
INFO: HHH000489: No JTA platform available (set 'hibernate.transaction.jta.platform' to enable JTA platform integration)
Jan 03, 2024 12:50:15 PM org.hibernate.tool.schema.spi.SchemaManagementToolCoordinator$ActionGrouping determineJpaDbActionSetting
WARN: HHH90000021: Encountered deprecated setting [javax.persistence.schema-generation.database.action], use [jakarta.persistence.schema-generation.database.action] instead
Jan 03, 2024 12:50:15 PM org.hibernate.resource.transaction.backend.jdbc.internal.DdlTransactionIsolatorNonJtaImpl getIsolatedConnection
INFO: HHH10001501: Connection obtained from JdbcConnectionAccess [org.hibernate.engine.jdbc.env.internal.JdbcEnvironmentInitiator$ConnectionProviderJdbcConnectionAccess@3e52ed5d] for (non-JTA) DDL execution was not in auto-commit mode; the Connection 'local transaction' will be committed and the Connection will be set into auto-commit mode.
Jan 03, 2024 12:50:15 PM org.hibernate.resource.transaction.backend.jdbc.internal.DdlTransactionIsolatorNonJtaImpl getIsolatedConnection
INFO: HHH10001501: Connection obtained from JdbcConnectionAccess [org.hibernate.engine.jdbc.env.internal.JdbcEnvironmentInitiator$ConnectionProviderJdbcConnectionAccess@25214797] for (non-JTA) DDL execution was not in auto-commit mode; the Connection 'local transaction' will be committed and the Connection will be set into auto-commit mode.
]]></system-err>
  </testcase>
  <testcase name="jpql_with_many_to_one" classname="com.jdc.test.CourseFeesTest" time="0.474">
    <system-out><![CDATA[Hibernate: 
    select
        cf1_0.id,
        cf1_0.course_id,
        cf1_0.fees 
    from
        course_fees cf1_0 
    join
        course c1_0 
            on c1_0.id=cf1_0.course_id 
    where
        lower(c1_0.name)=lower(?)
Hibernate: 
    select
        c1_0.id,
        c1_0.active,
        c1_0.name 
    from
        course c1_0 
    where
        c1_0.id=?
300000
]]></system-out>
  </testcase>
  <testcase name="jpql_with_one_to_many" classname="com.jdc.test.CourseFeesTest" time="0.078">
    <system-out><![CDATA[Hibernate: 
    select
        c1_0.id,
        c1_0.active,
        c1_0.name 
    from
        course c1_0 
    join
        course_fees cf1_0 
            on c1_0.id=cf1_0.course_id 
    where
        cf1_0.fees>=?
2
]]></system-out>
  </testcase>
  <testcase name="jpql_with_register" classname="com.jdc.test.CourseFeesTest" time="0.048">
    <system-out><![CDATA[Hibernate: 
    select
        r1_0.classroom_id,
        r1_0.course_id,
        r1_0.student_id 
    from
        register r1_0
Hibernate: 
    select
        cr1_0.id,
        cr1_0.active,
        cr1_0.create_date,
        cr1_0.name 
    from
        class_room cr1_0 
    where
        cr1_0.id=?
Hibernate: 
    select
        c1_0.id,
        c1_0.active,
        c1_0.name 
    from
        course c1_0 
    where
        c1_0.id=?
Hibernate: 
    select
        s1_0.id,
        s1_0.active,
        s1_0.contact,
        s1_0.email,
        s1_0.gender,
        s1_0.name 
    from
        student s1_0 
    where
        s1_0.id=?
Hibernate: 
    select
        cr1_0.id,
        cr1_0.active,
        cr1_0.create_date,
        cr1_0.name 
    from
        class_room cr1_0 
    where
        cr1_0.id=?
Hibernate: 
    select
        s1_0.id,
        s1_0.active,
        s1_0.contact,
        s1_0.email,
        s1_0.gender,
        s1_0.name 
    from
        student s1_0 
    where
        s1_0.id=?
Hibernate: 
    select
        cr1_0.id,
        cr1_0.active,
        cr1_0.create_date,
        cr1_0.name 
    from
        class_room cr1_0 
    where
        cr1_0.id=?
Hibernate: 
    select
        s1_0.id,
        s1_0.active,
        s1_0.contact,
        s1_0.email,
        s1_0.gender,
        s1_0.name 
    from
        student s1_0 
    where
        s1_0.id=?
Hibernate: 
    select
        c1_0.id,
        c1_0.active,
        c1_0.name 
    from
        course c1_0 
    where
        c1_0.id=?
Hibernate: 
    select
        c1_0.id,
        c1_0.active,
        c1_0.name 
    from
        course c1_0 
    where
        c1_0.id=?
Hibernate: 
    select
        c1_0.id,
        c1_0.active,
        c1_0.name 
    from
        course c1_0 
    where
        c1_0.id=?
Student_Name :John	 Class_room :wd-batch-04	 Course :Java	
Student_Name :William	 Class_room :we-batch-01	 Course :Java	
Student_Name :Arnel musa	 Class_room :wd-batch-03	 Course :Java	
Student_Name :John	 Class_room :wd-batch-04	 Course :Angular	
Student_Name :Arnel musa	 Class_room :we-batch-01	 Course :Angular	
Student_Name :William	 Class_room :wd-batch-03	 Course :Angular	
Student_Name :William	 Class_room :wd-batch-04	 Course :Spring	
Student_Name :John	 Class_room :we-batch-01	 Course :Spring	
Student_Name :Arnel musa	 Class_room :wd-batch-03	 Course :Spring	
Student_Name :Arnel musa	 Class_room :wd-batch-04	 Course :Flutter	
Student_Name :John	 Class_room :we-batch-01	 Course :Flutter	
Student_Name :William	 Class_room :wd-batch-03	 Course :Flutter	
]]></system-out>
  </testcase>
  <testcase name="jpql_with_register_and_dto" classname="com.jdc.test.CourseFeesTest" time="0.116">
    <system-out><![CDATA[Hibernate: 
    select
        c1_0.name,
        c1_0.create_date,
        count(distinct r1_0.student_id) 
    from
        register r1_0 
    join
        class_room c1_0 
            on c1_0.id=r1_0.classroom_id 
    group by
        c1_0.name,
        c1_0.create_date
Student_Name :wd-batch-03	 Class_room :2023-01-01	 Course :2	
Student_Name :wd-batch-04	 Class_room :2023-04-01	 Course :3	
Student_Name :we-batch-01	 Class_room :2023-03-01	 Course :3	
]]></system-out>
  </testcase>
</testsuite>